============================= test session starts =============================
platform win32 -- Python 3.12.2, pytest-8.2.2, pluggy-1.6.0 -- E:\githubcopilot\piarApp\.venv\Scripts\python.exe
cachedir: .pytest_cache
rootdir: E:\githubcopilot\piarApp\backend
plugins: anyio-3.7.1, asyncio-1.3.0
asyncio: mode=Mode.STRICT, debug=False, asyncio_default_fixture_loop_scope=None, asyncio_default_test_loop_scope=function
collecting ... collected 18 items / 9 deselected / 9 selected

tests/test_reset_password.py::test_solicitar_reset_email_existente[asyncio] PASSED [ 11%]
tests/test_reset_password.py::test_solicitar_reset_email_inexistente[asyncio] PASSED [ 22%]
tests/test_reset_password.py::test_solicitar_reset_usuario_google_only[asyncio] PASSED [ 33%]
tests/test_reset_password.py::test_reset_con_token_valido[asyncio] PASSED [ 44%]
tests/test_reset_password.py::test_reset_con_token_expirado[asyncio] PASSED [ 55%]
tests/test_reset_password.py::test_reset_token_un_solo_uso[asyncio] PASSED [ 66%]
tests/test_reset_password.py::test_reset_contrasena_debil[asyncio] 